Using pre-set license
Built from '2021.3/release' branch; Version is '2021.3.38f1 (7a2fa5d8d101) revision 8007589'; Using compiler version '192829333'; Build Type 'Release'
OS: 'Windows 10  (10.0.19045) 64bit Enterprise' Language: 'en' Physical Memory: 32581 MB
BatchMode: 1, IsHumanControllingUs: 0, StartBugReporterOnCrash: 0, Is64bit: 1, IsPro: 1

COMMAND LINE ARGUMENTS:
C:\Program Files\Unity\Hub\Editor\2021.3.38f1\Editor\Unity.exe
-adb2
-batchMode
-noUpm
-name
AssetImportWorker0
-projectPath
F:/projed unity/RockPaperScissors
-logFile
Logs/AssetImportWorker0.log
-srvPort
52838
Successfully changed project path to: F:/projed unity/RockPaperScissors
F:/projed unity/RockPaperScissors
[UnityMemory] Configuration Parameters - Can be set up in boot.config
    "memorysetup-bucket-allocator-granularity=16"
    "memorysetup-bucket-allocator-bucket-count=8"
    "memorysetup-bucket-allocator-block-size=33554432"
    "memorysetup-bucket-allocator-block-count=8"
    "memorysetup-main-allocator-block-size=16777216"
    "memorysetup-thread-allocator-block-size=16777216"
    "memorysetup-gfx-main-allocator-block-size=16777216"
    "memorysetup-gfx-thread-allocator-block-size=16777216"
    "memorysetup-cache-allocator-block-size=4194304"
    "memorysetup-typetree-allocator-block-size=2097152"
    "memorysetup-profiler-bucket-allocator-granularity=16"
    "memorysetup-profiler-bucket-allocator-bucket-count=8"
    "memorysetup-profiler-bucket-allocator-block-size=33554432"
    "memorysetup-profiler-bucket-allocator-block-count=8"
    "memorysetup-profiler-allocator-block-size=16777216"
    "memorysetup-profiler-editor-allocator-block-size=1048576"
    "memorysetup-temp-allocator-size-main=16777216"
    "memorysetup-job-temp-allocator-block-size=2097152"
    "memorysetup-job-temp-allocator-block-size-background=1048576"
    "memorysetup-job-temp-allocator-reduction-small-platforms=262144"
    "memorysetup-temp-allocator-size-background-worker=32768"
    "memorysetup-temp-allocator-size-job-worker=262144"
    "memorysetup-temp-allocator-size-preload-manager=33554432"
    "memorysetup-temp-allocator-size-nav-mesh-worker=65536"
    "memorysetup-temp-allocator-size-audio-worker=65536"
    "memorysetup-temp-allocator-size-cloud-worker=32768"
    "memorysetup-temp-allocator-size-gi-baking-worker=262144"
    "memorysetup-temp-allocator-size-gfx=262144"
Player connection [6540] Host "[IP] 0.0.0.0 [Port] 0 [Flags] 2 [Guid] 738378459 [EditorId] 738378459 [Version] 1048832 [Id] WindowsEditor(7,DESKTOP-CFHDR1B) [Debug] 1 [PackageName] WindowsEditor [ProjectName] Editor" joined multi-casting on [225.0.0.222:54997]...

Player connection [6540] Host "[IP] 0.0.0.0 [Port] 0 [Flags] 2 [Guid] 738378459 [EditorId] 738378459 [Version] 1048832 [Id] WindowsEditor(7,DESKTOP-CFHDR1B) [Debug] 1 [PackageName] WindowsEditor [ProjectName] Editor" joined alternative multi-casting on [225.0.0.222:34997]...

[Physics::Module] Initialized MultithreadedJobDispatcher with {0} workers.
Refreshing native plugins compatible for Editor in 61.73 ms, found 4 plugins.
Preloading 0 native plugins for Editor in 0.00 ms.
Initialize engine version: 2021.3.38f1 (7a2fa5d8d101)
[Subsystems] Discovering subsystems at path C:/Program Files/Unity/Hub/Editor/2021.3.38f1/Editor/Data/Resources/UnitySubsystems
[Subsystems] Discovering subsystems at path F:/projed unity/RockPaperScissors/Assets
GfxDevice: creating device client; threaded=0; jobified=0
Direct3D:
    Version:  Direct3D 11.0 [level 11.1]
    Renderer: NVIDIA GeForce RTX 2060 SUPER (ID=0x1f06)
    Vendor:   NVIDIA
    VRAM:     8019 MB
    Driver:   31.0.15.4617
Initialize mono
Mono path[0] = 'C:/Program Files/Unity/Hub/Editor/2021.3.38f1/Editor/Data/Managed'
Mono path[1] = 'C:/Program Files/Unity/Hub/Editor/2021.3.38f1/Editor/Data/MonoBleedingEdge/lib/mono/unityjit-win32'
Mono config path = 'C:/Program Files/Unity/Hub/Editor/2021.3.38f1/Editor/Data/MonoBleedingEdge/etc'
Using monoOptions --debugger-agent=transport=dt_socket,embedding=1,server=y,suspend=n,address=127.0.0.1:56472
Begin MonoManager ReloadAssembly
Registering precompiled unity dll's ...
Register platform support module: C:/Program Files/Unity/Hub/Editor/2021.3.38f1/Editor/Data/PlaybackEngines/WebGLSupport/UnityEditor.WebGL.Extensions.dll
Register platform support module: C:/Program Files/Unity/Hub/Editor/2021.3.38f1/Editor/Data/PlaybackEngines/AndroidPlayer/UnityEditor.Android.Extensions.dll
Register platform support module: C:/Program Files/Unity/Hub/Editor/2021.3.38f1/Editor/Data/PlaybackEngines/WindowsStandaloneSupport/UnityEditor.WindowsStandalone.Extensions.dll
Register platform support module: C:/Program Files/Unity/Hub/Editor/2021.3.38f1/Editor/Data/PlaybackEngines/MetroSupport/UnityEditor.UWP.Extensions.dll
Registered in 0.003646 seconds.
Native extension for UWP target not found
Native extension for WindowsStandalone target not found
Native extension for Android target not found
Android Extension - Scanning For ADB Devices 126 ms
Native extension for WebGL target not found
Refreshing native plugins compatible for Editor in 56.79 ms, found 4 plugins.
Preloading 0 native plugins for Editor in 0.00 ms.
Mono: successfully reloaded assembly
- Completed reload, in  0.622 seconds
Domain Reload Profiling:
	ReloadAssembly (622ms)
		BeginReloadAssembly (65ms)
			ExecutionOrderSort (0ms)
			DisableScriptedObjects (0ms)
			BackupInstance (0ms)
			ReleaseScriptingObjects (0ms)
			CreateAndSetChildDomain (1ms)
		EndReloadAssembly (487ms)
			LoadAssemblies (64ms)
			RebuildTransferFunctionScriptingTraits (0ms)
			SetupTypeCache (78ms)
			ReleaseScriptCaches (0ms)
			RebuildScriptCaches (19ms)
			SetupLoadedEditorAssemblies (362ms)
				LogAssemblyErrors (0ms)
				InitializePlatformSupportModulesInManaged (207ms)
				SetLoadedEditorAssemblies (0ms)
				RefreshPlugins (57ms)
				BeforeProcessingInitializeOnLoad (1ms)
				ProcessInitializeOnLoadAttributes (68ms)
				ProcessInitializeOnLoadMethodAttributes (29ms)
				AfterProcessingInitializeOnLoad (0ms)
				EditorAssembliesLoaded (0ms)
			ExecutionOrderSort2 (0ms)
			AwakeInstancesAfterBackupRestoration (0ms)
Platform modules already initialized, skipping
Registering precompiled user dll's ...
Registered in 0.002292 seconds.
Begin MonoManager ReloadAssembly
Native extension for UWP target not found
Native extension for WindowsStandalone target not found
Native extension for Android target not found
Native extension for WebGL target not found
Refreshing native plugins compatible for Editor in 56.50 ms, found 4 plugins.
Preloading 0 native plugins for Editor in 0.00 ms.
Package Manager log level set to [2]
[Package Manager] Server::EnsureServerProcessIsRunning -- launch failed, reason: Unity was launched with the -noUpm command-line argument
[Package Manager] Cannot connect to Unity Package Manager local server
Mono: successfully reloaded assembly
- Completed reload, in  1.121 seconds
Domain Reload Profiling:
	ReloadAssembly (1122ms)
		BeginReloadAssembly (83ms)
			ExecutionOrderSort (0ms)
			DisableScriptedObjects (4ms)
			BackupInstance (0ms)
			ReleaseScriptingObjects (0ms)
			CreateAndSetChildDomain (14ms)
		EndReloadAssembly (963ms)
			LoadAssemblies (61ms)
			RebuildTransferFunctionScriptingTraits (0ms)
			SetupTypeCache (165ms)
			ReleaseScriptCaches (0ms)
			RebuildScriptCaches (45ms)
			SetupLoadedEditorAssemblies (664ms)
				LogAssemblyErrors (0ms)
				InitializePlatformSupportModulesInManaged (15ms)
				SetLoadedEditorAssemblies (0ms)
				RefreshPlugins (57ms)
				BeforeProcessingInitializeOnLoad (55ms)
				ProcessInitializeOnLoadAttributes (510ms)
				ProcessInitializeOnLoadMethodAttributes (25ms)
				AfterProcessingInitializeOnLoad (3ms)
				EditorAssembliesLoaded (0ms)
			ExecutionOrderSort2 (0ms)
			AwakeInstancesAfterBackupRestoration (4ms)
Platform modules already initialized, skipping
========================================================================
Worker process is ready to serve import requests
Launched and connected shader compiler UnityShaderCompiler.exe after 0.02 seconds
Refreshing native plugins compatible for Editor in 0.53 ms, found 4 plugins.
Preloading 0 native plugins for Editor in 0.00 ms.
Unloading 3846 Unused Serialized files (Serialized files now loaded: 0)
Unloading 37 unused Assets / (46.8 KB). Loaded Objects now: 4307.
Memory consumption went from 149.9 MB to 149.9 MB.
Total: 2.384600 ms (FindLiveObjects: 0.203700 ms CreateObjectMapping: 0.098700 ms MarkObjects: 2.014200 ms  DeleteObjects: 0.067400 ms)

AssetImportParameters requested are different than current active one (requested -> active):
  custom:video-decoder-ogg-theora: a1e56fd34408186e4bbccfd4996cb3dc -> 
  custom:container-muxer-webm: aa71ff27fc2769a1b78a27578f13a17b -> 
  custom:container-demuxer-webm: 4f35f7cbe854078d1ac9338744f61a02 -> 
  custom:video-encoder-webm-vp8: eb34c28f22e8b96e1ab97ce403110664 -> 
  custom:CustomObjectIndexerAttribute: bc11b3a6c3213fcdd17b65e7da85e133 -> 
  custom:audio-encoder-webm-vorbis: bf7c407c2cedff20999df2af8eb42d56 -> 
  custom:framework-win-MediaFoundation: 216162199b28c13a410421893ffa2e32 -> 
  custom:SearchIndexIgnoredProperties: e643bd26f0fe6173181afceb89e7c659 -> 
  custom:container-demuxer-ogg: 62fdf1f143b41e24485cea50d1cbac27 -> 
  custom:video-decoder-webm-vp8: 9c59270c3fd7afecdb556c50c9e8de78 -> 
  custom:audio-decoder-ogg-vorbis: bf7c407c2cedff20999df2af8eb42d56 -> 
========================================================================
Received Import Request.
  Time since last request: 1358058.922625 seconds.
  path: Assets/Sprite/Freeui/ZOSMA/Stage/Backbotton.png
  artifactKey: Guid(ee09064370211334abdec1b1410d1cff) Importer(815301076,1909f56bfc062723c751e8b465ee728b)
Number of updated assets reloaded before import = 0
Start importing Assets/Sprite/Freeui/ZOSMA/Stage/Backbotton.png using Guid(ee09064370211334abdec1b1410d1cff) Importer(815301076,1909f56bfc062723c751e8b465ee728b)  -> (artifact id: '40689a4f88879e006c120dc4a65cbd54') in 0.106328 seconds 
Number of asset objects unloaded after import = 3
========================================================================
Received Import Request.
  Time since last request: 0.000023 seconds.
  path: Assets/Sprite/Freeui/ZOSMA/Stage/Card.png
  artifactKey: Guid(d00927981ae24934188ed5c5078e0328) Importer(815301076,1909f56bfc062723c751e8b465ee728b)
Number of updated assets reloaded before import = 0
Start importing Assets/Sprite/Freeui/ZOSMA/Stage/Card.png using Guid(d00927981ae24934188ed5c5078e0328) Importer(815301076,1909f56bfc062723c751e8b465ee728b)  -> (artifact id: '220aa154878abe56f5edbcec68897ae1') in 0.053594 seconds 
Number of asset objects unloaded after import = 3
========================================================================
Received Import Request.
  Time since last request: 0.000026 seconds.
  path: Assets/Sprite/Freeui/ZOSMA/Main/Back/Background.png
  artifactKey: Guid(1636c30fd461d7543b7d3e0438d525b4) Importer(815301076,1909f56bfc062723c751e8b465ee728b)
Number of updated assets reloaded before import = 0
Start importing Assets/Sprite/Freeui/ZOSMA/Main/Back/Background.png using Guid(1636c30fd461d7543b7d3e0438d525b4) Importer(815301076,1909f56bfc062723c751e8b465ee728b)  -> (artifact id: 'b8e2309f5f8491b5e0814901fda7ae08') in 0.149453 seconds 
Number of asset objects unloaded after import = 3
========================================================================
Received Import Request.
  Time since last request: 0.000014 seconds.
  path: Assets/Sprite/Freeui/ZOSMA/Stage/Cristalorange.png
  artifactKey: Guid(6b3336592bcf2134abb33fc57225674a) Importer(815301076,1909f56bfc062723c751e8b465ee728b)
Number of updated assets reloaded before import = 0
Start importing Assets/Sprite/Freeui/ZOSMA/Stage/Cristalorange.png using Guid(6b3336592bcf2134abb33fc57225674a) Importer(815301076,1909f56bfc062723c751e8b465ee728b)  -> (artifact id: 'a88c54d618d36560e5820f4aaaef5751') in 0.086759 seconds 
Number of asset objects unloaded after import = 3
========================================================================
Received Import Request.
  Time since last request: 0.000015 seconds.
  path: Assets/Sprite/Freeui/ZOSMA/Main/Botton.png
  artifactKey: Guid(7f4dbb6f6530a6442b3bb0e862b4fff0) Importer(815301076,1909f56bfc062723c751e8b465ee728b)
Number of updated assets reloaded before import = 0
Start importing Assets/Sprite/Freeui/ZOSMA/Main/Botton.png using Guid(7f4dbb6f6530a6442b3bb0e862b4fff0) Importer(815301076,1909f56bfc062723c751e8b465ee728b)  -> (artifact id: '5d52002842738f067b34e443288e9e82') in 0.028812 seconds 
Number of asset objects unloaded after import = 3
========================================================================
Received Import Request.
  Time since last request: 0.000021 seconds.
  path: Assets/Sprite/Freeui/ZOSMA/Set/Close.png
  artifactKey: Guid(3f302b37d4c72954a87f7d7a773b0fb9) Importer(815301076,1909f56bfc062723c751e8b465ee728b)
Number of updated assets reloaded before import = 0
Start importing Assets/Sprite/Freeui/ZOSMA/Set/Close.png using Guid(3f302b37d4c72954a87f7d7a773b0fb9) Importer(815301076,1909f56bfc062723c751e8b465ee728b)  -> (artifact id: 'f0519fe95dd9eea4f9af80505a8572de') in 0.027387 seconds 
Number of asset objects unloaded after import = 3
========================================================================
Received Import Request.
  Time since last request: 43.049784 seconds.
  path: Assets/Sprite/Freeui/ZOSMA/Set/Decive.png
  artifactKey: Guid(96aea05a190fd204ea116d5ad834fc3e) Importer(815301076,1909f56bfc062723c751e8b465ee728b)
Number of updated assets reloaded before import = 0
Start importing Assets/Sprite/Freeui/ZOSMA/Set/Decive.png using Guid(96aea05a190fd204ea116d5ad834fc3e) Importer(815301076,1909f56bfc062723c751e8b465ee728b)  -> (artifact id: 'a2ef556d2f3a95fc716f4af75d4ee1d0') in 0.056800 seconds 
Number of asset objects unloaded after import = 3
========================================================================
Received Import Request.
  Time since last request: 1.536574 seconds.
  path: Assets/Sprite/Freeui/ZOSMA/Set/Enter.png
  artifactKey: Guid(553b12781cfb17945a355190edf2412f) Importer(815301076,1909f56bfc062723c751e8b465ee728b)
Number of updated assets reloaded before import = 0
Start importing Assets/Sprite/Freeui/ZOSMA/Set/Enter.png using Guid(553b12781cfb17945a355190edf2412f) Importer(815301076,1909f56bfc062723c751e8b465ee728b)  -> (artifact id: '7d6fecb7ceab83ef2a9119cc86e302fd') in 0.070992 seconds 
Number of asset objects unloaded after import = 3
========================================================================
Received Import Request.
  Time since last request: 0.059439 seconds.
  path: Assets/Sprite/Freeui/ZOSMA/Main/Back/FoldingpaperShadow.png
  artifactKey: Guid(80b4f6fd14c293341a961925c1fc2969) Importer(815301076,1909f56bfc062723c751e8b465ee728b)
Number of updated assets reloaded before import = 0
Start importing Assets/Sprite/Freeui/ZOSMA/Main/Back/FoldingpaperShadow.png using Guid(80b4f6fd14c293341a961925c1fc2969) Importer(815301076,1909f56bfc062723c751e8b465ee728b)  -> (artifact id: '96955a420935e9b38c6f6bde8a886b78') in 0.070583 seconds 
Number of asset objects unloaded after import = 3
========================================================================
Received Import Request.
  Time since last request: 0.499030 seconds.
  path: Assets/Sprite/Freeui/ZOSMA/Stage/Gameplay.png
  artifactKey: Guid(c1d1af15d5fc69748ab53495e0df6435) Importer(815301076,1909f56bfc062723c751e8b465ee728b)
Number of updated assets reloaded before import = 0
Start importing Assets/Sprite/Freeui/ZOSMA/Stage/Gameplay.png using Guid(c1d1af15d5fc69748ab53495e0df6435) Importer(815301076,1909f56bfc062723c751e8b465ee728b)  -> (artifact id: 'aa20234514ffe07a8cd575e4280426d6') in 0.054451 seconds 
Number of asset objects unloaded after import = 3
========================================================================
Received Import Request.
  Time since last request: 0.000015 seconds.
  path: Assets/Sprite/Freeui/ZOSMA/Main/Guild.png
  artifactKey: Guid(c27d31ae247be1341948925c2720a330) Importer(815301076,1909f56bfc062723c751e8b465ee728b)
Number of updated assets reloaded before import = 0
Start importing Assets/Sprite/Freeui/ZOSMA/Main/Guild.png using Guid(c27d31ae247be1341948925c2720a330) Importer(815301076,1909f56bfc062723c751e8b465ee728b)  -> (artifact id: 'c350fbab8b4374037d48c409d3bc4f8d') in 0.048709 seconds 
Number of asset objects unloaded after import = 3
========================================================================
Received Import Request.
  Time since last request: 0.000020 seconds.
  path: Assets/Sprite/Freeui/ZOSMA/Main/Guildbotton.png
  artifactKey: Guid(6fb7c4e92abba1c47a569cdd755fcc4c) Importer(815301076,1909f56bfc062723c751e8b465ee728b)
Number of updated assets reloaded before import = 0
Start importing Assets/Sprite/Freeui/ZOSMA/Main/Guildbotton.png using Guid(6fb7c4e92abba1c47a569cdd755fcc4c) Importer(815301076,1909f56bfc062723c751e8b465ee728b)  -> (artifact id: 'fc5a18027127c3d1dc677adba0401cbe') in 0.029165 seconds 
Number of asset objects unloaded after import = 3
========================================================================
Received Import Request.
  Time since last request: 2.450006 seconds.
  path: Assets/Sprite/Freeui/ZOSMA/Main/Itembotton.png
  artifactKey: Guid(3d6e441791dc08b41b9cccd520a510c9) Importer(815301076,1909f56bfc062723c751e8b465ee728b)
Number of updated assets reloaded before import = 0
Start importing Assets/Sprite/Freeui/ZOSMA/Main/Itembotton.png using Guid(3d6e441791dc08b41b9cccd520a510c9) Importer(815301076,1909f56bfc062723c751e8b465ee728b)  -> (artifact id: 'f8a414e1daf51c1e64e726973915cac9') in 0.068427 seconds 
Number of asset objects unloaded after import = 3
========================================================================
Received Import Request.
  Time since last request: 0.418629 seconds.
  path: Assets/Sprite/Freeui/ZOSMA/Set/Line1.png
  artifactKey: Guid(76c0ca38d0b47f74980e105c2317187f) Importer(815301076,1909f56bfc062723c751e8b465ee728b)
Number of updated assets reloaded before import = 0
Start importing Assets/Sprite/Freeui/ZOSMA/Set/Line1.png using Guid(76c0ca38d0b47f74980e105c2317187f) Importer(815301076,1909f56bfc062723c751e8b465ee728b)  -> (artifact id: '7a8e10921f3600ab2f34d36446515847') in 0.024772 seconds 
Number of asset objects unloaded after import = 3
========================================================================
Received Import Request.
  Time since last request: 0.132977 seconds.
  path: Assets/Sprite/Freeui/ZOSMA/Set/Namebotton01.png
  artifactKey: Guid(424930b82ac0aa64fa899d0b9b493eb2) Importer(815301076,1909f56bfc062723c751e8b465ee728b)
Number of updated assets reloaded before import = 0
Start importing Assets/Sprite/Freeui/ZOSMA/Set/Namebotton01.png using Guid(424930b82ac0aa64fa899d0b9b493eb2) Importer(815301076,1909f56bfc062723c751e8b465ee728b)  -> (artifact id: 'cb58f77987e8e3330b98eab7e1894af6') in 0.020190 seconds 
Number of asset objects unloaded after import = 3
========================================================================
Received Import Request.
  Time since last request: 0.651893 seconds.
  path: Assets/Sprite/Freeui/ZOSMA/Main/Preferences.png
  artifactKey: Guid(de36af5d9986473499f5cbf98b2dbf04) Importer(815301076,1909f56bfc062723c751e8b465ee728b)
Number of updated assets reloaded before import = 0
Start importing Assets/Sprite/Freeui/ZOSMA/Main/Preferences.png using Guid(de36af5d9986473499f5cbf98b2dbf04) Importer(815301076,1909f56bfc062723c751e8b465ee728b)  -> (artifact id: '7f983825a2926791c78c028670860da2') in 0.043434 seconds 
Number of asset objects unloaded after import = 3
========================================================================
Received Import Request.
  Time since last request: 0.000013 seconds.
  path: Assets/Sprite/Freeui/ZOSMA/Main/Quantity.png
  artifactKey: Guid(1990482894d7f7e4ab63dafe4ad46db9) Importer(815301076,1909f56bfc062723c751e8b465ee728b)
Number of updated assets reloaded before import = 0
Start importing Assets/Sprite/Freeui/ZOSMA/Main/Quantity.png using Guid(1990482894d7f7e4ab63dafe4ad46db9) Importer(815301076,1909f56bfc062723c751e8b465ee728b)  -> (artifact id: '1f82c131468083e1ea26a289374ef998') in 0.038099 seconds 
Number of asset objects unloaded after import = 3
========================================================================
Received Import Request.
  Time since last request: 0.210564 seconds.
  path: Assets/Sprite/Freeui/ZOSMA/Main/Questbotton.png
  artifactKey: Guid(044db06a8f2aed04291039646f2c8633) Importer(815301076,1909f56bfc062723c751e8b465ee728b)
Number of updated assets reloaded before import = 0
Start importing Assets/Sprite/Freeui/ZOSMA/Main/Questbotton.png using Guid(044db06a8f2aed04291039646f2c8633) Importer(815301076,1909f56bfc062723c751e8b465ee728b)  -> (artifact id: 'bc8f5fb8fef748ce5fdf7d4d796002b9') in 0.053295 seconds 
Number of asset objects unloaded after import = 3
========================================================================
Received Import Request.
  Time since last request: 0.408530 seconds.
  path: Assets/Sprite/Freeui/ZOSMA/Main/Rightup.png
  artifactKey: Guid(75b16411d4ff9c3409ae0d7e003b08ad) Importer(815301076,1909f56bfc062723c751e8b465ee728b)
Number of updated assets reloaded before import = 0
Start importing Assets/Sprite/Freeui/ZOSMA/Main/Rightup.png using Guid(75b16411d4ff9c3409ae0d7e003b08ad) Importer(815301076,1909f56bfc062723c751e8b465ee728b)  -> (artifact id: 'f0d8ec40eac251c9bc55c0182d0be857') in 0.056324 seconds 
Number of asset objects unloaded after import = 3
========================================================================
Received Import Request.
  Time since last request: 1.328235 seconds.
  path: Assets/Sprite/Freeui/ZOSMA/Main/Shop.png
  artifactKey: Guid(3b48b3f04ffbafd4e88c2df7e88ad9c0) Importer(815301076,1909f56bfc062723c751e8b465ee728b)
Number of updated assets reloaded before import = 0
Start importing Assets/Sprite/Freeui/ZOSMA/Main/Shop.png using Guid(3b48b3f04ffbafd4e88c2df7e88ad9c0) Importer(815301076,1909f56bfc062723c751e8b465ee728b)  -> (artifact id: '123a0ec39e276f63e66b943f1abebabb') in 0.057125 seconds 
Number of asset objects unloaded after import = 3
========================================================================
Received Import Request.
  Time since last request: 0.354253 seconds.
  path: Assets/Sprite/Freeui/ZOSMA/Stage/Stageexplanation__.png
  artifactKey: Guid(c1b5df518ed3d3f4b82534aaa94ac393) Importer(815301076,1909f56bfc062723c751e8b465ee728b)
Number of updated assets reloaded before import = 0
Start importing Assets/Sprite/Freeui/ZOSMA/Stage/Stageexplanation__.png using Guid(c1b5df518ed3d3f4b82534aaa94ac393) Importer(815301076,1909f56bfc062723c751e8b465ee728b)  -> (artifact id: 'c0d62236a142578983c6af836d0b8a44') in 0.097019 seconds 
Number of asset objects unloaded after import = 3
========================================================================
Received Import Request.
  Time since last request: 0.000016 seconds.
  path: Assets/Sprite/Freeui/ZOSMA/Set/Terms.png
  artifactKey: Guid(f89828c5e0d338049b2e926ff9ff40cf) Importer(815301076,1909f56bfc062723c751e8b465ee728b)
Number of updated assets reloaded before import = 0
Start importing Assets/Sprite/Freeui/ZOSMA/Set/Terms.png using Guid(f89828c5e0d338049b2e926ff9ff40cf) Importer(815301076,1909f56bfc062723c751e8b465ee728b)  -> (artifact id: '66fd21e2c0ea7091e8ab5d4c6609be45') in 0.028850 seconds 
Number of asset objects unloaded after import = 3
========================================================================
Received Import Request.
  Time since last request: 1.352694 seconds.
  path: Assets/Sprite/Freeui/ZOSMA/Set/Username.png
  artifactKey: Guid(91341f45ffb5e03449f17b7d195024be) Importer(815301076,1909f56bfc062723c751e8b465ee728b)
Number of updated assets reloaded before import = 0
Start importing Assets/Sprite/Freeui/ZOSMA/Set/Username.png using Guid(91341f45ffb5e03449f17b7d195024be) Importer(815301076,1909f56bfc062723c751e8b465ee728b)  -> (artifact id: 'b29530a91f902fac0f6a22a6fe0e1d37') in 0.022543 seconds 
Number of asset objects unloaded after import = 3
Editor requested this worker to shutdown with reason: Scaling down because of idle timeout
AssetImportWorker is now disconnected from the server
Process exiting
Exiting without the bug reporter. Application will terminate with return code 0